Copyright 1986-2022 Xilinx, Inc. All Rights Reserved. Copyright 2022-2023 Advanced Micro Devices, Inc. All Rights Reserved.
---------------------------------------------------------------------------------------------------------------------------------------------
| Tool Version : Vivado v.2023.2 (win64) Build 4029153 Fri Oct 13 20:14:34 MDT 2023
| Date         : Fri Dec 22 17:45:51 2023
| Host         : LAPTOP-HKFFG58C running 64-bit major release  (build 9200)
| Command      : report_control_sets -verbose -file screen_pic_Top_control_sets_placed.rpt
| Design       : screen_pic_Top
| Device       : xc7a100t
---------------------------------------------------------------------------------------------------------------------------------------------

Control Set Information

Table of Contents
-----------------
1. Summary
2. Histogram
3. Flip-Flop Distribution
4. Detailed Control Set Information

1. Summary
----------

+----------------------------------------------------------+-------+
|                          Status                          | Count |
+----------------------------------------------------------+-------+
| Total control sets                                       |     8 |
|    Minimum number of control sets                        |     8 |
|    Addition due to synthesis replication                 |     0 |
|    Addition due to physical synthesis replication        |     0 |
| Unused register locations in slices containing registers |    37 |
+----------------------------------------------------------+-------+
* Control sets can be merged at opt_design using control_set_merge or merge_equivalent_drivers
** Run report_qor_suggestions for automated merging and remapping suggestions


2. Histogram
------------

+--------------------+-------+
|       Fanout       | Count |
+--------------------+-------+
| Total control sets |     8 |
| >= 0 to < 4        |     1 |
| >= 4 to < 6        |     1 |
| >= 6 to < 8        |     0 |
| >= 8 to < 10       |     1 |
| >= 10 to < 12      |     2 |
| >= 12 to < 14      |     1 |
| >= 14 to < 16      |     0 |
| >= 16              |     2 |
+--------------------+-------+
* Control sets can be remapped at either synth_design or opt_design


3. Flip-Flop Distribution
-------------------------

+--------------+-----------------------+------------------------+-----------------+--------------+
| Clock Enable | Synchronous Set/Reset | Asynchronous Set/Reset | Total Registers | Total Slices |
+--------------+-----------------------+------------------------+-----------------+--------------+
| No           | No                    | No                     |              16 |           12 |
| No           | No                    | Yes                    |              56 |           23 |
| No           | Yes                   | No                     |              11 |            7 |
| Yes          | No                    | No                     |               0 |            0 |
| Yes          | No                    | Yes                    |              13 |            4 |
| Yes          | Yes                   | No                     |              11 |            6 |
+--------------+-----------------------+------------------------+-----------------+--------------+


4. Detailed Control Set Information
-----------------------------------

+----------------------+------------------------+-----------------------+------------------+----------------+--------------+
|     Clock Signal     |      Enable Signal     |    Set/Reset Signal   | Slice Load Count | Bel Load Count | Bels / Slice |
+----------------------+------------------------+-----------------------+------------------+----------------+--------------+
|  clk_BUFG            |                        |                       |                2 |              3 |         1.50 |
|  clk_BUFG            | P1/textBalls0          | BTND_IBUF             |                1 |              4 |         4.00 |
|  clk_BUFG            | P1/bar_y_t[10]_i_1_n_0 | BTND_IBUF             |                3 |              9 |         3.00 |
|  C1/Q_BUFG[0]        |                        | V1/hMaxed             |                7 |             11 |         1.57 |
|  C1/Q_BUFG[0]        | V1/yPixel[10]_i_2_n_0  | V1/yPixel[10]_i_1_n_0 |                6 |             11 |         1.83 |
|  C1/Q_BUFG[0]        |                        |                       |               10 |             13 |         1.30 |
|  clk_BUFG            |                        | BTND_IBUF             |                9 |             22 |         2.44 |
|  CLK100MHZ_IBUF_BUFG |                        | BTND_IBUF             |               14 |             34 |         2.43 |
+----------------------+------------------------+-----------------------+------------------+----------------+--------------+


