
*** Running vivado
    with args -log top2.vds -m64 -product Vivado -mode batch -messageDb vivado.pb -notrace -source top2.tcl


ECHO 处于关闭状态。
ECHO 处于关闭状态。

****** Vivado v2023.1 (64-bit)
  **** SW Build 3865809 on Sun May  7 15:05:29 MDT 2023
  **** IP Build 3864474 on Sun May  7 20:36:21 MDT 2023
  **** SharedData Build 3865790 on Sun May 07 13:33:03 MDT 2023
    ** Copyright 1986-2022 Xilinx, Inc. All Rights Reserved.
    ** Copyright 2022-2023 Advanced Micro Devices, Inc. All Rights Reserved.

source top2.tcl -notrace
create_project: Time (s): cpu = 00:00:06 ; elapsed = 00:00:07 . Memory (MB): peak = 426.629 ; gain = 164.203
Command: read_checkpoint -auto_incremental -incremental C:/Users/Fu_Quantong/project_4/project_4.srcs/utils_1/imports/synth_1/top1.dcp
INFO: [Vivado 12-5825] Read reference checkpoint from C:/Users/Fu_Quantong/project_4/project_4.srcs/utils_1/imports/synth_1/top1.dcp for incremental synthesis
INFO: [Vivado 12-7989] Please ensure there are no constraint changes
Command: synth_design -top top2 -part xc7a100tcsg324-1
Starting synth_design
Attempting to get a license for feature 'Synthesis' and/or device 'xc7a100t'
INFO: [Common 17-349] Got license for feature 'Synthesis' and/or device 'xc7a100t'
INFO: [Device 21-403] Loading part xc7a100tcsg324-1
INFO: [Synth 8-7079] Multithreading enabled for synth_design using a maximum of 2 processes.
INFO: [Synth 8-7078] Launching helper process for spawning children vivado processes
INFO: [Synth 8-7075] Helper process launched with PID 8440
---------------------------------------------------------------------------------
Starting RTL Elaboration : Time (s): cpu = 00:00:06 ; elapsed = 00:00:07 . Memory (MB): peak = 1261.262 ; gain = 410.969
---------------------------------------------------------------------------------
INFO: [Synth 8-6157] synthesizing module 'top2' [C:/Users/Fu_Quantong/project_4/project_4.srcs/sources_1/new/Leap_Top2.sv:3]
INFO: [Synth 8-6157] synthesizing module 'x7seg' [C:/Users/Fu_Quantong/project_4/project_4.srcs/sources_1/new/x7seg.sv:1]
INFO: [Synth 8-226] default block is never used [C:/Users/Fu_Quantong/project_4/project_4.srcs/sources_1/new/x7seg.sv:14]
INFO: [Synth 8-226] default block is never used [C:/Users/Fu_Quantong/project_4/project_4.srcs/sources_1/new/x7seg.sv:23]
INFO: [Synth 8-6157] synthesizing module 'Hex7Seg' [C:/Users/Fu_Quantong/project_4/project_4.srcs/sources_1/new/Hex7Seg.sv:1]
INFO: [Synth 8-226] default block is never used [C:/Users/Fu_Quantong/project_4/project_4.srcs/sources_1/new/Hex7Seg.sv:6]
INFO: [Synth 8-6155] done synthesizing module 'Hex7Seg' (0#1) [C:/Users/Fu_Quantong/project_4/project_4.srcs/sources_1/new/Hex7Seg.sv:1]
INFO: [Synth 8-6155] done synthesizing module 'x7seg' (0#1) [C:/Users/Fu_Quantong/project_4/project_4.srcs/sources_1/new/x7seg.sv:1]
INFO: [Synth 8-6155] done synthesizing module 'top2' (0#1) [C:/Users/Fu_Quantong/project_4/project_4.srcs/sources_1/new/Leap_Top2.sv:3]
---------------------------------------------------------------------------------
Finished RTL Elaboration : Time (s): cpu = 00:00:08 ; elapsed = 00:00:10 . Memory (MB): peak = 1351.352 ; gain = 501.059
---------------------------------------------------------------------------------
---------------------------------------------------------------------------------
Start Handling Custom Attributes
---------------------------------------------------------------------------------
---------------------------------------------------------------------------------
Finished Handling Custom Attributes : Time (s): cpu = 00:00:08 ; elapsed = 00:00:10 . Memory (MB): peak = 1351.352 ; gain = 501.059
---------------------------------------------------------------------------------
---------------------------------------------------------------------------------
Finished RTL Optimization Phase 1 : Time (s): cpu = 00:00:08 ; elapsed = 00:00:10 . Memory (MB): peak = 1351.352 ; gain = 501.059
---------------------------------------------------------------------------------
Netlist sorting complete. Time (s): cpu = 00:00:00 ; elapsed = 00:00:00.001 . Memory (MB): peak = 1351.352 ; gain = 0.000
INFO: [Project 1-570] Preparing netlist for logic optimization

Processing XDC Constraints
Initializing timing engine
Parsing XDC File [C:/Users/Fu_Quantong/project_4/project_4.srcs/constrs_1/new/Nexys4DDR_Master.xdc]
Finished Parsing XDC File [C:/Users/Fu_Quantong/project_4/project_4.srcs/constrs_1/new/Nexys4DDR_Master.xdc]
INFO: [Project 1-236] Implementation specific constraints were found while reading constraint file [C:/Users/Fu_Quantong/project_4/project_4.srcs/constrs_1/new/Nexys4DDR_Master.xdc]. These constraints will be ignored for synthesis but will be used in implementation. Impacted constraints are listed in the file [.Xil/top2_propImpl.xdc].
Resolution: To avoid this warning, move constraints listed in [.Xil/top2_propImpl.xdc] to another XDC file and exclude this new file from synthesis with the used_in_synthesis property (File Properties dialog in GUI) and re-run elaboration/synthesis.
Completed Processing XDC Constraints

Netlist sorting complete. Time (s): cpu = 00:00:00 ; elapsed = 00:00:00 . Memory (MB): peak = 1424.742 ; gain = 0.000
INFO: [Project 1-111] Unisim Transformation Summary:
No Unisim elements were transformed.

Constraint Validation Runtime : Time (s): cpu = 00:00:00 ; elapsed = 00:00:00.002 . Memory (MB): peak = 1424.742 ; gain = 0.000
---------------------------------------------------------------------------------
Finished Constraint Validation : Time (s): cpu = 00:00:16 ; elapsed = 00:00:20 . Memory (MB): peak = 1424.742 ; gain = 574.449
---------------------------------------------------------------------------------
---------------------------------------------------------------------------------
Start Loading Part and Timing Information
---------------------------------------------------------------------------------
Loading part: xc7a100tcsg324-1
---------------------------------------------------------------------------------
Finished Loading Part and Timing Information : Time (s): cpu = 00:00:16 ; elapsed = 00:00:20 . Memory (MB): peak = 1424.742 ; gain = 574.449
---------------------------------------------------------------------------------
---------------------------------------------------------------------------------
Start Applying 'set_property' XDC Constraints
---------------------------------------------------------------------------------
---------------------------------------------------------------------------------
Finished applying 'set_property' XDC Constraints : Time (s): cpu = 00:00:16 ; elapsed = 00:00:20 . Memory (MB): peak = 1424.742 ; gain = 574.449
---------------------------------------------------------------------------------
---------------------------------------------------------------------------------
Start Preparing Guide Design
---------------------------------------------------------------------------------
CRITICAL WARNING: [Synth 8-6895] The reference checkpoint C:/Users/Fu_Quantong/project_4/project_4.srcs/utils_1/imports/synth_1/top1.dcp is not suitable for use with incremental synthesis for this design. Please regenerate the checkpoint for this design with -incremental_synth switch in the same Vivado session that synth_design has been run. Synthesis will continue with the default flow
---------------------------------------------------------------------------------
Finished Doing Graph Differ : Time (s): cpu = 00:00:16 ; elapsed = 00:00:20 . Memory (MB): peak = 1424.742 ; gain = 574.449
---------------------------------------------------------------------------------
---------------------------------------------------------------------------------
Finished Preparing Guide Design : Time (s): cpu = 00:00:16 ; elapsed = 00:00:20 . Memory (MB): peak = 1424.742 ; gain = 574.449
---------------------------------------------------------------------------------
---------------------------------------------------------------------------------
Finished RTL Optimization Phase 2 : Time (s): cpu = 00:00:16 ; elapsed = 00:00:20 . Memory (MB): peak = 1424.742 ; gain = 574.449
---------------------------------------------------------------------------------


Incremental Synthesis Report Summary:

1. Incremental synthesis run: no

   Reason for not running incremental synthesis : 


INFO: [Synth 8-7130] Flow is switching to default flow due to incremental criteria not met. If you would like to alter this behaviour and have the flow terminate instead, please set the following parameter config_implementation {autoIncr.Synth.RejectBehavior Terminate}
---------------------------------------------------------------------------------
Start RTL Component Statistics 
---------------------------------------------------------------------------------
Detailed RTL Component Info : 
+---Muxes : 
	   4 Input    8 Bit        Muxes := 1     
	   4 Input    4 Bit        Muxes := 1     
---------------------------------------------------------------------------------
Finished RTL Component Statistics 
---------------------------------------------------------------------------------
---------------------------------------------------------------------------------
Start Part Resource Summary
---------------------------------------------------------------------------------
Part Resources:
DSPs: 240 (col length:80)
BRAMs: 270 (col length: RAMB18 80 RAMB36 40)
---------------------------------------------------------------------------------
Finished Part Resource Summary
---------------------------------------------------------------------------------
---------------------------------------------------------------------------------
Start Cross Boundary and Area Optimization
---------------------------------------------------------------------------------
WARNING: [Synth 8-7080] Parallel synthesis criteria is not met
WARNING: [Synth 8-3917] design top2 has port AN[7] driven by constant 1
WARNING: [Synth 8-3917] design top2 has port AN[6] driven by constant 1
WARNING: [Synth 8-3917] design top2 has port AN[5] driven by constant 1
WARNING: [Synth 8-3917] design top2 has port AN[4] driven by constant 1
WARNING: [Synth 8-3917] design top2 has port DP driven by constant 1
---------------------------------------------------------------------------------
Finished Cross Boundary and Area Optimization : Time (s): cpu = 00:00:19 ; elapsed = 00:00:23 . Memory (MB): peak = 1424.742 ; gain = 574.449
---------------------------------------------------------------------------------
---------------------------------------------------------------------------------
Start Applying XDC Timing Constraints
---------------------------------------------------------------------------------
---------------------------------------------------------------------------------
Finished Applying XDC Timing Constraints : Time (s): cpu = 00:00:24 ; elapsed = 00:00:29 . Memory (MB): peak = 1424.742 ; gain = 574.449
---------------------------------------------------------------------------------
---------------------------------------------------------------------------------
Start Timing Optimization
---------------------------------------------------------------------------------
---------------------------------------------------------------------------------
Finished Timing Optimization : Time (s): cpu = 00:00:25 ; elapsed = 00:00:29 . Memory (MB): peak = 1424.742 ; gain = 574.449
---------------------------------------------------------------------------------
---------------------------------------------------------------------------------
Start Technology Mapping
---------------------------------------------------------------------------------
---------------------------------------------------------------------------------
Finished Technology Mapping : Time (s): cpu = 00:00:25 ; elapsed = 00:00:29 . Memory (MB): peak = 1424.742 ; gain = 574.449
---------------------------------------------------------------------------------
---------------------------------------------------------------------------------
Start IO Insertion
---------------------------------------------------------------------------------
---------------------------------------------------------------------------------
Start Flattening Before IO Insertion
---------------------------------------------------------------------------------
---------------------------------------------------------------------------------
Finished Flattening Before IO Insertion
---------------------------------------------------------------------------------
---------------------------------------------------------------------------------
Start Final Netlist Cleanup
---------------------------------------------------------------------------------
---------------------------------------------------------------------------------
Finished Final Netlist Cleanup
---------------------------------------------------------------------------------
---------------------------------------------------------------------------------
Finished IO Insertion : Time (s): cpu = 00:00:30 ; elapsed = 00:00:35 . Memory (MB): peak = 1424.742 ; gain = 574.449
---------------------------------------------------------------------------------
---------------------------------------------------------------------------------
Start Renaming Generated Instances
---------------------------------------------------------------------------------
---------------------------------------------------------------------------------
Finished Renaming Generated Instances : Time (s): cpu = 00:00:30 ; elapsed = 00:00:35 . Memory (MB): peak = 1424.742 ; gain = 574.449
---------------------------------------------------------------------------------
---------------------------------------------------------------------------------
Start Rebuilding User Hierarchy
---------------------------------------------------------------------------------
---------------------------------------------------------------------------------
Finished Rebuilding User Hierarchy : Time (s): cpu = 00:00:30 ; elapsed = 00:00:35 . Memory (MB): peak = 1424.742 ; gain = 574.449
---------------------------------------------------------------------------------
---------------------------------------------------------------------------------
Start Renaming Generated Ports
---------------------------------------------------------------------------------
---------------------------------------------------------------------------------
Finished Renaming Generated Ports : Time (s): cpu = 00:00:30 ; elapsed = 00:00:35 . Memory (MB): peak = 1424.742 ; gain = 574.449
---------------------------------------------------------------------------------
---------------------------------------------------------------------------------
Start Handling Custom Attributes
---------------------------------------------------------------------------------
---------------------------------------------------------------------------------
Finished Handling Custom Attributes : Time (s): cpu = 00:00:30 ; elapsed = 00:00:35 . Memory (MB): peak = 1424.742 ; gain = 574.449
---------------------------------------------------------------------------------
---------------------------------------------------------------------------------
Start Renaming Generated Nets
---------------------------------------------------------------------------------
---------------------------------------------------------------------------------
Finished Renaming Generated Nets : Time (s): cpu = 00:00:30 ; elapsed = 00:00:35 . Memory (MB): peak = 1424.742 ; gain = 574.449
---------------------------------------------------------------------------------
---------------------------------------------------------------------------------
Start Writing Synthesis Report
---------------------------------------------------------------------------------

Report BlackBoxes: 
+-+--------------+----------+
| |BlackBox name |Instances |
+-+--------------+----------+
+-+--------------+----------+

Report Cell Usage: 
+------+-------+------+
|      |Cell   |Count |
+------+-------+------+
|1     |BUFG   |     1|
|2     |CARRY4 |     5|
|3     |LUT1   |     1|
|4     |LUT2   |     4|
|5     |LUT3   |     1|
|6     |LUT4   |     9|
|7     |LUT6   |     6|
|8     |FDRE   |    20|
|9     |IBUF   |    17|
|10    |OBUF   |    34|
+------+-------+------+
---------------------------------------------------------------------------------
Finished Writing Synthesis Report : Time (s): cpu = 00:00:30 ; elapsed = 00:00:35 . Memory (MB): peak = 1424.742 ; gain = 574.449
---------------------------------------------------------------------------------
Synthesis finished with 0 errors, 1 critical warnings and 6 warnings.
Synthesis Optimization Runtime : Time (s): cpu = 00:00:20 ; elapsed = 00:00:31 . Memory (MB): peak = 1424.742 ; gain = 501.059
Synthesis Optimization Complete : Time (s): cpu = 00:00:30 ; elapsed = 00:00:35 . Memory (MB): peak = 1424.742 ; gain = 574.449
INFO: [Project 1-571] Translating synthesized netlist
Netlist sorting complete. Time (s): cpu = 00:00:00 ; elapsed = 00:00:00.001 . Memory (MB): peak = 1424.742 ; gain = 0.000
INFO: [Netlist 29-17] Analyzing 5 Unisim elements for replacement
INFO: [Netlist 29-28] Unisim Transformation completed in 0 CPU seconds
INFO: [Project 1-570] Preparing netlist for logic optimization
INFO: [Opt 31-138] Pushed 0 inverter(s) to 0 load pin(s).
Netlist sorting complete. Time (s): cpu = 00:00:00 ; elapsed = 00:00:00 . Memory (MB): peak = 1424.742 ; gain = 0.000
INFO: [Project 1-111] Unisim Transformation Summary:
No Unisim elements were transformed.

Synth Design complete | Checksum: 19aa700b
INFO: [Common 17-83] Releasing license: Synthesis
27 Infos, 6 Warnings, 1 Critical Warnings and 0 Errors encountered.
synth_design completed successfully
synth_design: Time (s): cpu = 00:00:35 ; elapsed = 00:00:50 . Memory (MB): peak = 1424.742 ; gain = 972.977
INFO: [runtcl-6] Synthesis results are not added to the cache due to CRITICAL_WARNING
INFO: [Common 17-1381] The checkpoint 'C:/Users/Fu_Quantong/project_4/project_4.runs/synth_1/top2.dcp' has been generated.
INFO: [runtcl-4] Executing : report_utilization -file top2_utilization_synth.rpt -pb top2_utilization_synth.pb
INFO: [Common 17-206] Exiting Vivado at Thu Oct  5 16:35:56 2023...
